<?xml version="1.0" encoding="UTF-8"?>
<!-- Generated by org.testng.reporters.JUnitReportReporter -->
<testsuite hostname="KirthiPC" name="com.framework.datadriven.AppTest" tests="4" failures="0" timestamp="18 Mar 2015 18:45:28 GMT" time="0.018" errors="0">
  <testcase name="loginPage1" time="0.001" classname="com.framework.datadriven.AppTest"/>
  <testcase name="loginPage2" time="0.001" classname="com.framework.datadriven.AppTest"/>
  <testcase name="loginPage3" time="0.001" classname="com.framework.datadriven.AppTest"/>
  <testcase name="loginPage" time="0.015" classname="com.framework.datadriven.AppTest"/>
</testsuite> <!-- com.framework.datadriven.AppTest -->
